-------------------------------------------------------------------------------
Test set: es.iesptocruz.victor.FicheroTest
-------------------------------------------------------------------------------
Tests run: 2, Failures: 1, Errors: 0, Skipped: 0, Time elapsed: 0.003 s <<< FAILURE! - in es.iesptocruz.victor.FicheroTest
noExisteTest(es.iesptocruz.victor.FicheroTest)  Time elapsed: 0.001 s  <<< FAILURE!
java.lang.AssertionError: No debe existir expected:<false> but was:<true>
	at es.iesptocruz.victor.FicheroTest.noExisteTest(FicheroTest.java:42)

