-------------------------------------------------------------------------------
Test set: es.iesptocruz.victor.SqliteTest
-------------------------------------------------------------------------------
Tests run: 1, Failures: 1, Errors: 0, Skipped: 0, Time elapsed: 0.563 s <<< FAILURE! - in es.iesptocruz.victor.SqliteTest
crearTest  Time elapsed: 0.463 s  <<< FAILURE!
org.opentest4j.AssertionFailedError: No suitable driver found for jdbc:sqlite:tests.db
	at es.iesptocruz.victor.SqliteTest.crearTest(SqliteTest.java:25)

