<?xml version="1.0" encoding="UTF-8"?>
<testsuite xmlns:xsi="http://www.w3.org/2001/XMLSchema-instance" xsi:noNamespaceSchemaLocation="https://maven.apache.org/surefire/maven-surefire-plugin/xsd/surefire-test-report.xsd" name="es.iesptocruz.victor.VehiculosTest" time="0.443" tests="8" errors="0" skipped="0" failures="0">
  <properties>
[...]
</properties>
  <testcase name="validarTest" classname="es.iesptocruz.victor.VehiculosTest" time="0.256"/>
  <testcase name="noModificarTest" classname="es.iesptocruz.victor.VehiculosTest" time="0.016"/>
  <testcase name="modificarTest" classname="es.iesptocruz.victor.VehiculosTest" time="0.015"/>
  <testcase name="eliminarTest" classname="es.iesptocruz.victor.VehiculosTest" time="0.012"/>
  <testcase name="mostrarTest" classname="es.iesptocruz.victor.VehiculosTest" time="0.01"/>
  <testcase name="insertarTest" classname="es.iesptocruz.victor.VehiculosTest" time="0.016"/>
  <testcase name="mostrarTodoTest" classname="es.iesptocruz.victor.VehiculosTest" time="0.012"/>
  <testcase name="noMostrarTest" classname="es.iesptocruz.victor.VehiculosTest" time="0.005"/>
</testsuite>